build/app/outputs/mapping/release/seeds.txt
com.liveasy.transport.MainActivity: MainActivity()
com.liveasy.transport.MainActivity
com.liveasy.transport.BuildConfig: java.lang.String APPLICATION_ID
com.liveasy.transport.BuildConfig: java.lang.String loadApiUrl
com.liveasy.transport.BuildConfig: java.lang.String shipperApiUrl
com.liveasy.transport.BuildConfig: java.lang.String clientIdMapMyIndia
com.liveasy.transport.BuildConfig: java.lang.String documentApiUrl
com.liveasy.transport.BuildConfig: java.lang.String mapKey
com.liveasy.transport.BuildConfig: int VERSION_CODE
com.liveasy.transport.BuildConfig: java.lang.String VERSION_NAME
com.liveasy.transport.BuildConfig: BuildConfig()
com.liveasy.transport.BuildConfig: java.lang.String transporterApiUrl
com.liveasy.transport.BuildConfig: java.lang.String gpsApiUrl
com.liveasy.transport.BuildConfig: boolean DEBUG
com.liveasy.transport.BuildConfig: java.lang.String BUILD_TYPE
com.liveasy.transport.BuildConfig: java.lang.String driverApiUrl
com.liveasy.transport.BuildConfig: java.lang.String truckApiUrl
com.liveasy.transport.BuildConfig
com.liveasy.transport.BuildConfig: java.lang.String buyGPSApiUrl
com.liveasy.transport.BuildConfig: java.lang.String bookingApiUrl
com.liveasy.transport.BuildConfig: java.lang.String clientSecretMapMyIndia
com.liveasy.transport.BuildConfig: java.lang.String biddingApiUrl
...
com.google.android.gms.internal.firebase-auth-api.zzxb: android.os.Parcelable$Creator CREATOR
android.support.v4.graphics.drawable.IconCompatParcelizer: androidx.core.graphics.drawable.IconCompat read(androidx.versionedparcelable.VersionedParcel)
androidx.fragment.app.BackStackState: android.os.Parcelable$Creator CREATOR
com.google.android.gms.internal.firebase-auth-api.zzff
com.google.firebase.FirebaseCommonRegistrar: FirebaseCommonRegistrar()
com.google.android.gms.internal.firebase-auth-api.zzim
com.google.android.gms.internal.measurement.zzfc: java.lang.String zzk
com.google.android.gms.internal.measurement.zzej: com.google.android.gms.internal.measurement.zzkk zzg
com.google.android.gms.common.api.GoogleApiActivity
io.flutter.embedding.android.FlutterSplashView$SavedState: java.lang.String previousCompletedSplashIsolate
com.google.android.gms.internal.firebase-auth-api.zzfl
com.google.android.gms.internal.firebase-auth-api.zzen
io.flutter.plugins.firebase.auth.FlutterFirebaseAuthRegistrar: java.util.List getComponents()
io.flutter.embedding.engine.renderer.SurfaceTextureWrapper: void attachToGLContext(int)
com.google.android.gms.measurement.internal.AppMeasurementDynamiteService: void isDataCollectionEnabled(com.google.android.gms.internal.measurement.zzcf)
com.google.android.gms.internal.firebase-auth-api.zziq: int zzf
com.google.firebase.auth.GithubAuthCredential: android.os.Parcelable$Creator CREATOR
com.google.android.gms.safetynet.zza: android.os.Parcelable$Creator CREATOR
com.google.firebase.iid.FirebaseInstanceIdReceiver
com.google.android.datatransport.cct.CctBackendFactory
io.flutter.embedding.engine.FlutterJNI: void nativeSurfaceDestroyed(long)
io.flutter.embedding.engine.FlutterJNI: boolean nativeFlutterTextUtilsIsEmoji(int)
com.google.android.gms.internal.measurement.zzfw: java.lang.String zzo
com.google.android.gms.internal.measurement.zzfc: boolean zzl
com.google.android.gms.internal.measurement.zzfa: boolean zzf
com.google.firebase.messaging.FirebaseMessagingService
com.google.android.gms.internal.measurement.zzeq: java.lang.String zzh
com.google.firebase.installations.FirebaseInstallationsRegistrar
androidx.core.app.RemoteActionCompat: RemoteActionCompat()
com.google.android.gms.internal.measurement.zzex: int zze
com.google.android.gms.measurement.internal.AppMeasurementDynamiteService: void getCurrentScreenName(com.google.android.gms.internal.measurement.zzcf)
com.google.android.gms.internal.firebase-auth-api.zzhd
com.google.android.gms.internal.firebase-auth-api.zzgd: com.google.android.gms.internal.firebase-auth-api.zzgd zzb
com.google.firebase.auth.FirebaseAuth: com.google.firebase.auth.FirebaseAuth getInstance()
com.google.firebase.auth.FirebaseAuth: com.google.firebase.auth.FirebaseAuth getInstance(com.google.firebase.FirebaseApp)
com.google.android.gms.internal.measurement.zzga: com.google.android.gms.internal.measurement.zzga[] values()
com.google.android.gms.internal.measurement.zzcb: com.google.android.gms.internal.measurement.zzcc asInterface(android.os.IBinder)
io.flutter.embedding.engine.FlutterJNI: void nativeNotifyLowMemoryWarning(long)
io.flutter.plugins.firebase.core.FlutterFirebasePluginRegistry
com.google.android.gms.common.internal.zzw: android.os.Parcelable$Creator CREATOR
io.flutter.view.AccessibilityViewEmbedder: android.view.accessibility.AccessibilityNodeInfo createAccessibilityNodeInfo(int)
com.google.firebase.auth.UserProfileChangeRequest: android.os.Parcelable$Creator CREATOR
com.google.android.gms.internal.measurement.zzeq: int zza
com.google.android.gms.location.LocationRequest: android.os.Parcelable$Creator CREATOR
com.google.android.gms.internal.firebase-auth-api.zzfx: int zzf
com.google.android.gms.measurement.internal.AppMeasurementDynamiteService: void generateEventId(com.google.android.gms.internal.measurement.zzcf)
com.google.android.gms.internal.measurement.zzfo: java.lang.String zzf
com.google.android.gms.internal.measurement.zzgt: java.lang.String zzg