build/app/outputs/mapping/release/mapping.txt
# compiler: R8
# compiler_version: 2.1.62
# min_api: 20
# pg_map_id: 5193541
# common_typos_disable
...
com.google.android.gms.internal.firebase-auth-api.zzqw -> b.d.a.b.f.f.qi:
    com.google.android.gms.internal.firebase-auth-api.zzqx zza -> a
    void accept(java.lang.Object,java.lang.Object) -> a
com.google.android.gms.internal.firebase-auth-api.zzqx -> b.d.a.b.f.f.ri:
    com.google.firebase.auth.PhoneAuthCredential zza -> v
    void zzc() -> a
    void zzd(com.google.android.gms.internal.firebase-auth-api.zztm,com.google.android.gms.tasks.TaskCompletionSource) -> l
com.google.android.gms.internal.firebase-auth-api.zzqy -> b.d.a.b.f.f.si:
    com.google.android.gms.internal.firebase-auth-api.zzqz zza -> a
    void accept(java.lang.Object,java.lang.Object) -> a
com.google.android.gms.internal.firebase-auth-api.zzqz -> b.d.a.b.f.f.ti:
    com.google.firebase.auth.EmailAuthCredential zza -> v
    void zzc() -> a
    void zzd(com.google.android.gms.internal.firebase-auth-api.zztm,com.google.android.gms.tasks.TaskCompletionSource) -> l
com.google.android.gms.internal.firebase-auth-api.zzr -> b.d.a.b.f.f.ui:
com.google.android.gms.internal.firebase-auth-api.zzrc -> b.d.a.b.f.f.vi:
    com.google.android.gms.internal.firebase-auth-api.zzrd zza -> a
    void accept(java.lang.Object,java.lang.Object) -> a
com.google.android.gms.internal.firebase-auth-api.zzrd -> b.d.a.b.f.f.wi:
    com.google.android.gms.internal.firebase-auth-api.zzna zza -> v
    void zzc() -> a
    void zzd(com.google.android.gms.internal.firebase-auth-api.zztm,com.google.android.gms.tasks.TaskCompletionSource) -> l
com.google.android.gms.internal.firebase-auth-api.zzrg -> b.d.a.b.f.f.xi:
    com.google.android.gms.internal.firebase-auth-api.zzrh zza -> a
    void accept(java.lang.Object,java.lang.Object) -> a
com.google.android.gms.internal.firebase-auth-api.zzrh -> b.d.a.b.f.f.yi:
    com.google.android.gms.internal.firebase-auth-api.zzng zza -> v
    void zzc() -> a
    void zzd(com.google.android.gms.internal.firebase-auth-api.zztm,com.google.android.gms.tasks.TaskCompletionSource) -> l
com.google.android.gms.internal.firebase-auth-api.zzrk -> b.d.a.b.f.f.zi:
    com.google.android.gms.internal.firebase-auth-api.zzrl zza -> a
    void accept(java.lang.Object,java.lang.Object) -> a
com.google.android.gms.internal.firebase-auth-api.zzrl -> b.d.a.b.f.f.aj:
    com.google.android.gms.internal.firebase-auth-api.zzne zza -> v
    void zzc() -> a
    void zzd(com.google.android.gms.internal.firebase-auth-api.zztm,com.google.android.gms.tasks.TaskCompletionSource) -> l
com.google.android.gms.internal.firebase-auth-api.zzro -> b.d.a.b.f.f.bj:
    com.google.android.gms.internal.firebase-auth-api.zzrp zza -> a
    void accept(java.lang.Object,java.lang.Object) -> a
com.google.android.gms.internal.firebase-auth-api.zzrp -> b.d.a.b.f.f.cj:
    com.google.android.gms.internal.firebase-auth-api.zzni zza -> v
    void zzc() -> a
    void zzd(com.google.android.gms.internal.firebase-auth-api.zztm,com.google.android.gms.tasks.TaskCompletionSource) -> l
com.google.android.gms.internal.firebase-auth-api.zzrq -> b.d.a.b.f.f.dj:
    com.google.android.gms.internal.firebase-auth-api.zzrr zza -> a
    void accept(java.lang.Object,java.lang.Object) -> a
com.google.android.gms.internal.firebase-auth-api.zzrr -> b.d.a.b.f.f.ej:
    void zzc() -> a
com.google.android.gms.internal.firebase-auth-api.zzrs -> b.d.a.b.f.f.fj:
    com.google.android.gms.internal.firebase-auth-api.zzrt zza -> a
    void accept(java.lang.Object,java.lang.Object) -> a
com.google.android.gms.internal.firebase-auth-api.zzrt -> b.d.a.b.f.f.gj:
    com.google.android.gms.internal.firebase-auth-api.zzmq zza -> v
    void zzc() -> a
    void zzd(com.google.android.gms.internal.firebase-auth-api.zztm,com.google.android.gms.tasks.TaskCompletionSource) -> l
com.google.android.gms.internal.firebase-auth-api.zzru -> b.d.a.b.f.f.hj:
    com.google.android.gms.internal.firebase-auth-api.zzrv zza -> a
    void accept(java.lang.Object,java.lang.Object) -> a