build/app/outputs/mapping/release/usage.txt
com.liveasy.transport.R
com.liveasy.transport.R$id
com.liveasy.transport.R$attr
com.liveasy.transport.R$mipmap
com.liveasy.transport.R$drawable
com.liveasy.transport.R$integer
com.liveasy.transport.R$style
com.liveasy.transport.R$layout
com.liveasy.transport.R$string
com.liveasy.transport.R$color
com.liveasy.transport.R$xml
com.liveasy.transport.R$styleable
com.liveasy.transport.R$dimen
...
com.google.firebase.auth.GithubAuthProvider:
    private void <init>()
    public static final java.lang.String PROVIDER_ID
    public static final java.lang.String GITHUB_SIGN_IN_METHOD
com.google.common.primitives.UnsignedLongs$LexicographicalComparator
com.google.android.datatransport.runtime.dagger.internal.MapFactory
com.google.common.io.CharSource
com.byneapp.flutter_config.R$string
com.google.common.collect.Tables$1
com.google.android.gms.common.GoogleApiAvailabilityLight:
    public void verifyGooglePlayServicesIsAvailable(android.content.Context,int)
    public android.content.Intent getErrorResolutionIntent(int)
    public void cancelAvailabilityErrorNotifications(android.content.Context)
    public int getClientVersion(android.content.Context)
    public boolean isPlayServicesPossiblyUpdating(android.content.Context,int)
    public boolean isPlayStorePossiblyUpdating(android.content.Context,int)
    public boolean isUninstalledAppPossiblyUpdating(android.content.Context,java.lang.String)
    public static final java.lang.String GOOGLE_PLAY_SERVICES_PACKAGE
    public static final java.lang.String GOOGLE_PLAY_STORE_PACKAGE
    static final java.lang.String TRACKING_SOURCE_DIALOG
    static final java.lang.String TRACKING_SOURCE_NOTIFICATION
kotlin.sequences.SequencesKt___SequencesKt$minus$2
com.google.common.util.concurrent.ExecutionSequencer$3
io.flutter.plugins.packageinfo.R$color
kotlin.ULongArrayKt
kotlin.coroutines.CoroutineContext$Element$DefaultImpls
androidx.core.view.ViewPropertyAnimatorCompat$1
kotlin.collections.MapsKt___MapsKt:
    private static final java.lang.Object firstNotNullOf(java.util.Map,kotlin.jvm.functions.Function1)
    private static final java.lang.Object firstNotNullOfOrNull(java.util.Map,kotlin.jvm.functions.Function1)
    public static final java.util.List toList(java.util.Map)
    public static final java.util.List flatMap(java.util.Map,kotlin.jvm.functions.Function1)
    public static final java.util.List flatMapSequence(java.util.Map,kotlin.jvm.functions.Function1)
    public static final java.util.Collection flatMapTo(java.util.Map,java.util.Collection,kotlin.jvm.functions.Function1)
    public static final java.util.Collection flatMapSequenceTo(java.util.Map,java.util.Collection,kotlin.jvm.functions.Function1)
    public static final java.util.List map(java.util.Map,kotlin.jvm.functions.Function1)
    public static final java.util.List mapNotNull(java.util.Map,kotlin.jvm.functions.Function1)
    public static final java.util.Collection mapNotNullTo(java.util.Map,java.util.Collection,kotlin.jvm.functions.Function1)
    public static final java.util.Collection mapTo(java.util.Map,java.util.Collection,kotlin.jvm.functions.Function1)
    public static final boolean all(java.util.Map,kotlin.jvm.functions.Function1)
    public static final boolean any(java.util.Map)
    public static final boolean any(java.util.Map,kotlin.jvm.functions.Function1)
    private static final int count(java.util.Map)
com.google.common.eventbus.Dispatcher$1
com.google.common.math.DoubleMath
com.google.common.hash.Hashing$ConcatenatedHashFunction
com.google.common.cache.RemovalCause$4
com.google.android.gms.internal.maps.zzh:
    public abstract com.google.android.gms.maps.model.LatLng getCenter()
    public abstract double getRadius()
    public abstract float getStrokeWidth()
    public abstract int getStrokeColor()
    public abstract int getFillColor()
    public abstract float getZIndex()
    public abstract boolean isVisible()
    public abstract boolean isClickable()
    public abstract void setStrokePattern(java.util.List)
    public abstract java.util.List getStrokePattern()
    public abstract void zze(com.google.android.gms.dynamic.IObjectWrapper)
    public abstract com.google.android.gms.dynamic.IObjectWrapper zzk()
com.google.common.hash.AbstractCompositeHashFunction$1
com.google.common.collect.ImmutableMap
kotlin.sequences.IndexingSequence$iterator$1
kotlin.reflect.KParameter